<?xml version="1.0" encoding="UTF-8"?>
<testng-results skipped="0" failed="0" total="7" passed="7">
  <reporter-output>
    <line>
      <![CDATA[Clicking on SignIn link]]>
    </line>
    <line>
      <![CDATA[Entering an email to register]]>
    </line>
    <line>
      <![CDATA[Clicking on Register button]]>
    </line>
    <line>
      <![CDATA[Clicked on Title radio button]]>
    </line>
    <line>
      <![CDATA[Enterd first name in the text field]]>
    </line>
    <line>
      <![CDATA[Enterd last name in the text field]]>
    </line>
    <line>
      <![CDATA[Enterd password in the text field]]>
    </line>
    <line>
      <![CDATA[Selecting days for Date of birth form the Dropdown]]>
    </line>
  </reporter-output>
  <suite name="Default suite" duration-ms="139057" started-at="2015-05-18T10:42:50Z" finished-at="2015-05-18T10:45:09Z">
    <groups>
    </groups>
    <test name="Default test" duration-ms="139057" started-at="2015-05-18T10:42:50Z" finished-at="2015-05-18T10:45:09Z">
      <class name="com.webtek.test.SanityTest1">
        <test-method status="PASS" signature="setUp()[pri:0, instance:com.webtek.test.SanityTest1@7dc36524]" name="setUp" is-config="true" duration-ms="28483" started-at="2015-05-18T16:12:50Z" finished-at="2015-05-18T16:13:19Z">
          <reporter-output>
          </reporter-output>
        </test-method> <!-- setUp -->
        <test-method status="PASS" signature="userSignUp(java.lang.String, java.lang.String, java.lang.String, java.lang.String, java.lang.String, java.lang.String, java.lang.String, java.lang.String, java.lang.String, java.lang.String, java.lang.String, java.lang.String, java.lang.String)[pri:0, instance:com.webtek.test.SanityTest1@7dc36524]" name="userSignUp" duration-ms="98150" started-at="2015-05-18T16:13:19Z" data-provider="SignUpUser" finished-at="2015-05-18T16:14:57Z">
          <params>
            <param index="0">
              <value>
                <![CDATA[t123@t.com]]>
              </value>
            </param>
            <param index="1">
              <value>
                <![CDATA[ABC]]>
              </value>
            </param>
            <param index="2">
              <value>
                <![CDATA[DEF]]>
              </value>
            </param>
            <param index="3">
              <value>
                <![CDATA[password]]>
              </value>
            </param>
            <param index="4">
              <value>
                <![CDATA[ABC]]>
              </value>
            </param>
            <param index="5">
              <value>
                <![CDATA[DEF]]>
              </value>
            </param>
            <param index="6">
              <value>
                <![CDATA[company]]>
              </value>
            </param>
            <param index="7">
              <value>
                <![CDATA[Kalikapur]]>
              </value>
            </param>
            <param index="8">
              <value>
                <![CDATA[Ruby]]>
              </value>
            </param>
            <param index="9">
              <value>
                <![CDATA[kolkata]]>
              </value>
            </param>
            <param index="10">
              <value>
                <![CDATA[00000]]>
              </value>
            </param>
            <param index="11">
              <value>
                <![CDATA[9748888983]]>
              </value>
            </param>
            <param index="12">
              <value>
                <![CDATA[kolkata]]>
              </value>
            </param>
          </params>
          <reporter-output>
            <line>
              <![CDATA[Clicking on SignIn link]]>
            </line>
            <line>
              <![CDATA[Entering an email to register]]>
            </line>
            <line>
              <![CDATA[Clicking on Register button]]>
            </line>
            <line>
              <![CDATA[Clicked on Title radio button]]>
            </line>
            <line>
              <![CDATA[Enterd first name in the text field]]>
            </line>
            <line>
              <![CDATA[Enterd last name in the text field]]>
            </line>
            <line>
              <![CDATA[Enterd password in the text field]]>
            </line>
            <line>
              <![CDATA[Selecting days for Date of birth form the Dropdown]]>
            </line>
          </reporter-output>
        </test-method> <!-- userSignUp -->
        <test-method status="PASS" signature="userSignUp(java.lang.String, java.lang.String, java.lang.String, java.lang.String, java.lang.String, java.lang.String, java.lang.String, java.lang.String, java.lang.String, java.lang.String, java.lang.String, java.lang.String, java.lang.String)[pri:0, instance:com.webtek.test.SanityTest1@7dc36524]" name="userSignUp" duration-ms="2020" started-at="2015-05-18T16:14:57Z" data-provider="SignUpUser" finished-at="2015-05-18T16:14:59Z">
          <params>
            <param index="0">
              <value>
                <![CDATA[t456@t.com]]>
              </value>
            </param>
            <param index="1">
              <value>
                <![CDATA[GHI]]>
              </value>
            </param>
            <param index="2">
              <value>
                <![CDATA[JKL]]>
              </value>
            </param>
            <param index="3">
              <value>
                <![CDATA[password]]>
              </value>
            </param>
            <param index="4">
              <value>
                <![CDATA[GHI]]>
              </value>
            </param>
            <param index="5">
              <value>
                <![CDATA[JKL]]>
              </value>
            </param>
            <param index="6">
              <value>
                <![CDATA[company]]>
              </value>
            </param>
            <param index="7">
              <value>
                <![CDATA[JadavPur]]>
              </value>
            </param>
            <param index="8">
              <value>
                <![CDATA[Kestapur]]>
              </value>
            </param>
            <param index="9">
              <value>
                <![CDATA[Kolkata]]>
              </value>
            </param>
            <param index="10">
              <value>
                <![CDATA[00000]]>
              </value>
            </param>
            <param index="11">
              <value>
                <![CDATA[9748888983]]>
              </value>
            </param>
            <param index="12">
              <value>
                <![CDATA[kolkata]]>
              </value>
            </param>
          </params>
          <reporter-output>
          </reporter-output>
        </test-method> <!-- userSignUp -->
        <test-method status="PASS" signature="userSignUp(java.lang.String, java.lang.String, java.lang.String, java.lang.String, java.lang.String, java.lang.String, java.lang.String, java.lang.String, java.lang.String, java.lang.String, java.lang.String, java.lang.String, java.lang.String)[pri:0, instance:com.webtek.test.SanityTest1@7dc36524]" name="userSignUp" duration-ms="2017" started-at="2015-05-18T16:14:59Z" data-provider="SignUpUser" finished-at="2015-05-18T16:15:01Z">
          <params>
            <param index="0">
              <value>
                <![CDATA[t789@t.com]]>
              </value>
            </param>
            <param index="1">
              <value>
                <![CDATA[MNO]]>
              </value>
            </param>
            <param index="2">
              <value>
                <![CDATA[PQR]]>
              </value>
            </param>
            <param index="3">
              <value>
                <![CDATA[password]]>
              </value>
            </param>
            <param index="4">
              <value>
                <![CDATA[MNO]]>
              </value>
            </param>
            <param index="5">
              <value>
                <![CDATA[PQR]]>
              </value>
            </param>
            <param index="6">
              <value>
                <![CDATA[company]]>
              </value>
            </param>
            <param index="7">
              <value>
                <![CDATA[MukundaPur]]>
              </value>
            </param>
            <param index="8">
              <value>
                <![CDATA[NewTown]]>
              </value>
            </param>
            <param index="9">
              <value>
                <![CDATA[Kolkata]]>
              </value>
            </param>
            <param index="10">
              <value>
                <![CDATA[00000]]>
              </value>
            </param>
            <param index="11">
              <value>
                <![CDATA[9748888983]]>
              </value>
            </param>
            <param index="12">
              <value>
                <![CDATA[kolkata]]>
              </value>
            </param>
          </params>
          <reporter-output>
          </reporter-output>
        </test-method> <!-- userSignUp -->
        <test-method status="PASS" signature="userSignUp(java.lang.String, java.lang.String, java.lang.String, java.lang.String, java.lang.String, java.lang.String, java.lang.String, java.lang.String, java.lang.String, java.lang.String, java.lang.String, java.lang.String, java.lang.String)[pri:0, instance:com.webtek.test.SanityTest1@7dc36524]" name="userSignUp" duration-ms="2029" started-at="2015-05-18T16:15:01Z" data-provider="SignUpUser" finished-at="2015-05-18T16:15:03Z">
          <params>
            <param index="0">
              <value>
                <![CDATA[t910@t.com]]>
              </value>
            </param>
            <param index="1">
              <value>
                <![CDATA[STU]]>
              </value>
            </param>
            <param index="2">
              <value>
                <![CDATA[VWX]]>
              </value>
            </param>
            <param index="3">
              <value>
                <![CDATA[password]]>
              </value>
            </param>
            <param index="4">
              <value>
                <![CDATA[STU]]>
              </value>
            </param>
            <param index="5">
              <value>
                <![CDATA[VWX]]>
              </value>
            </param>
            <param index="6">
              <value>
                <![CDATA[company]]>
              </value>
            </param>
            <param index="7">
              <value>
                <![CDATA[Ultadanga]]>
              </value>
            </param>
            <param index="8">
              <value>
                <![CDATA[VIP]]>
              </value>
            </param>
            <param index="9">
              <value>
                <![CDATA[Kolkata]]>
              </value>
            </param>
            <param index="10">
              <value>
                <![CDATA[00000]]>
              </value>
            </param>
            <param index="11">
              <value>
                <![CDATA[9748888983]]>
              </value>
            </param>
            <param index="12">
              <value>
                <![CDATA[kolkata]]>
              </value>
            </param>
          </params>
          <reporter-output>
          </reporter-output>
        </test-method> <!-- userSignUp -->
        <test-method status="PASS" signature="userSignUp(java.lang.String, java.lang.String, java.lang.String, java.lang.String, java.lang.String, java.lang.String, java.lang.String, java.lang.String, java.lang.String, java.lang.String, java.lang.String, java.lang.String, java.lang.String)[pri:0, instance:com.webtek.test.SanityTest1@7dc36524]" name="userSignUp" duration-ms="2015" started-at="2015-05-18T16:15:03Z" data-provider="SignUpUser" finished-at="2015-05-18T16:15:05Z">
          <params>
            <param index="0">
              <value>
                <![CDATA[t112@t.com]]>
              </value>
            </param>
            <param index="1">
              <value>
                <![CDATA[YZ]]>
              </value>
            </param>
            <param index="2">
              <value>
                <![CDATA[ABC]]>
              </value>
            </param>
            <param index="3">
              <value>
                <![CDATA[password]]>
              </value>
            </param>
            <param index="4">
              <value>
                <![CDATA[YZ]]>
              </value>
            </param>
            <param index="5">
              <value>
                <![CDATA[ABC]]>
              </value>
            </param>
            <param index="6">
              <value>
                <![CDATA[company]]>
              </value>
            </param>
            <param index="7">
              <value>
                <![CDATA[BBD Bag]]>
              </value>
            </param>
            <param index="8">
              <value>
                <![CDATA[Airport]]>
              </value>
            </param>
            <param index="9">
              <value>
                <![CDATA[Kolkata]]>
              </value>
            </param>
            <param index="10">
              <value>
                <![CDATA[00000]]>
              </value>
            </param>
            <param index="11">
              <value>
                <![CDATA[9748888983]]>
              </value>
            </param>
            <param index="12">
              <value>
                <![CDATA[kolkata]]>
              </value>
            </param>
          </params>
          <reporter-output>
          </reporter-output>
        </test-method> <!-- userSignUp -->
        <test-method status="PASS" signature="userSignUp(java.lang.String, java.lang.String, java.lang.String, java.lang.String, java.lang.String, java.lang.String, java.lang.String, java.lang.String, java.lang.String, java.lang.String, java.lang.String, java.lang.String, java.lang.String)[pri:0, instance:com.webtek.test.SanityTest1@7dc36524]" name="userSignUp" duration-ms="2011" started-at="2015-05-18T16:15:05Z" data-provider="SignUpUser" finished-at="2015-05-18T16:15:07Z">
          <params>
            <param index="0">
              <value is-null="true"/>
            </param>
            <param index="1">
              <value is-null="true"/>
            </param>
            <param index="2">
              <value is-null="true"/>
            </param>
            <param index="3">
              <value is-null="true"/>
            </param>
            <param index="4">
              <value is-null="true"/>
            </param>
            <param index="5">
              <value is-null="true"/>
            </param>
            <param index="6">
              <value is-null="true"/>
            </param>
            <param index="7">
              <value is-null="true"/>
            </param>
            <param index="8">
              <value is-null="true"/>
            </param>
            <param index="9">
              <value is-null="true"/>
            </param>
            <param index="10">
              <value is-null="true"/>
            </param>
            <param index="11">
              <value is-null="true"/>
            </param>
            <param index="12">
              <value is-null="true"/>
            </param>
          </params>
          <reporter-output>
          </reporter-output>
        </test-method> <!-- userSignUp -->
        <test-method status="PASS" signature="signUser()[pri:0, instance:com.webtek.test.SanityTest1@7dc36524]" name="signUser" duration-ms="1006" started-at="2015-05-18T16:15:07Z" depends-on-methods="com.webtek.test.SanityTest1.userSignUp" finished-at="2015-05-18T16:15:08Z">
          <reporter-output>
          </reporter-output>
        </test-method> <!-- signUser -->
        <test-method status="FAIL" signature="tearDown()[pri:0, instance:com.webtek.test.SanityTest1@7dc36524]" name="tearDown" is-config="true" duration-ms="0" started-at="2015-05-18T16:15:08Z" finished-at="2015-05-18T16:15:08Z">
          <exception class="org.openqa.selenium.remote.UnreachableBrowserException">
            <message>
              <![CDATA[Error communicating with the remote browser. It may have died.
Build info: version: '2.45.0', revision: '5017cb8e7ca8e37638dc3091b2440b90a1d8686f', time: '2015-02-27 09:10:26'
System info: host: 'Biswajit-PC', ip: '192.168.10.148', os.name: 'Windows 7', os.arch: 'amd64', os.version: '6.1', java.version: '1.8.0_25'
Driver info: driver.version: FirefoxDriver]]>
            </message>
            <full-stacktrace>
              <![CDATA[org.openqa.selenium.remote.UnreachableBrowserException: Error communicating with the remote browser. It may have died.
Build info: version: '2.45.0', revision: '5017cb8e7ca8e37638dc3091b2440b90a1d8686f', time: '2015-02-27 09:10:26'
System info: host: 'Biswajit-PC', ip: '192.168.10.148', os.name: 'Windows 7', os.arch: 'amd64', os.version: '6.1', java.version: '1.8.0_25'
Driver info: driver.version: FirefoxDriver
	at org.openqa.selenium.remote.RemoteWebDriver.execute(RemoteWebDriver.java:593)
	at org.openqa.selenium.remote.RemoteWebDriver.execute(RemoteWebDriver.java:622)
	at org.openqa.selenium.firefox.FirefoxDriver.getScreenshotAs(FirefoxDriver.java:323)
	at com.webtek.test.SelTestCase.captureScreen(SelTestCase.java:43)
	at com.webtek.test.SelTestCase.tearDown(SelTestCase.java:30)
	at sun.reflect.NativeMethodAccessorImpl.invoke0(Native Method)
	at sun.reflect.NativeMethodAccessorImpl.invoke(NativeMethodAccessorImpl.java:62)
	at sun.reflect.DelegatingMethodAccessorImpl.invoke(DelegatingMethodAccessorImpl.java:43)
	at java.lang.reflect.Method.invoke(Method.java:483)
	at org.testng.internal.MethodInvocationHelper.invokeMethod(MethodInvocationHelper.java:84)
	at org.testng.internal.Invoker.invokeConfigurationMethod(Invoker.java:564)
	at org.testng.internal.Invoker.invokeConfigurations(Invoker.java:213)
	at org.testng.internal.Invoker.invokeConfigurations(Invoker.java:138)
	at org.testng.internal.TestMethodWorker.invokeAfterClassMethods(TestMethodWorker.java:225)
	at org.testng.internal.TestMethodWorker.run(TestMethodWorker.java:114)
	at org.testng.TestRunner.privateRun(TestRunner.java:767)
	at org.testng.TestRunner.run(TestRunner.java:617)
	at org.testng.SuiteRunner.runTest(SuiteRunner.java:334)
	at org.testng.SuiteRunner.runSequentially(SuiteRunner.java:329)
	at org.testng.SuiteRunner.privateRun(SuiteRunner.java:291)
	at org.testng.SuiteRunner.run(SuiteRunner.java:240)
	at org.testng.SuiteRunnerWorker.runSuite(SuiteRunnerWorker.java:52)
	at org.testng.SuiteRunnerWorker.run(SuiteRunnerWorker.java:86)
	at org.testng.TestNG.runSuitesSequentially(TestNG.java:1224)
	at org.testng.TestNG.runSuitesLocally(TestNG.java:1149)
	at org.testng.TestNG.run(TestNG.java:1057)
	at org.testng.remote.RemoteTestNG.run(RemoteTestNG.java:111)
	at org.testng.remote.RemoteTestNG.initAndRun(RemoteTestNG.java:204)
	at org.testng.remote.RemoteTestNG.main(RemoteTestNG.java:175)
Caused by: org.apache.http.conn.HttpHostConnectException: Connect to 127.0.0.1:7055 [/127.0.0.1] failed: Connection refused: connect
	at org.apache.http.impl.conn.HttpClientConnectionOperator.connect(HttpClientConnectionOperator.java:142)
	at org.apache.http.impl.conn.PoolingHttpClientConnectionManager.connect(PoolingHttpClientConnectionManager.java:319)
	at org.apache.http.impl.execchain.MainClientExec.establishRoute(MainClientExec.java:363)
	at org.apache.http.impl.execchain.MainClientExec.execute(MainClientExec.java:219)
	at org.apache.http.impl.execchain.ProtocolExec.execute(ProtocolExec.java:195)
	at org.apache.http.impl.execchain.RetryExec.execute(RetryExec.java:86)
	at org.apache.http.impl.execchain.RedirectExec.execute(RedirectExec.java:108)
	at org.apache.http.impl.client.InternalHttpClient.doExecute(InternalHttpClient.java:184)
	at org.apache.http.impl.client.CloseableHttpClient.execute(CloseableHttpClient.java:72)
	at org.apache.http.impl.client.CloseableHttpClient.execute(CloseableHttpClient.java:57)
	at org.openqa.selenium.remote.internal.ApacheHttpClient.fallBackExecute(ApacheHttpClient.java:126)
	at org.openqa.selenium.remote.internal.ApacheHttpClient.execute(ApacheHttpClient.java:72)
	at org.openqa.selenium.remote.HttpCommandExecutor.execute(HttpCommandExecutor.java:133)
	at org.openqa.selenium.firefox.internal.NewProfileExtensionConnection.execute(NewProfileExtensionConnection.java:165)
	at org.openqa.selenium.firefox.FirefoxDriver$LazyCommandExecutor.execute(FirefoxDriver.java:362)
	at org.openqa.selenium.remote.RemoteWebDriver.execute(RemoteWebDriver.java:572)
	... 28 more
Caused by: java.net.ConnectException: Connection refused: connect
	at java.net.DualStackPlainSocketImpl.waitForConnect(Native Method)
	at java.net.DualStackPlainSocketImpl.socketConnect(DualStackPlainSocketImpl.java:85)
	at java.net.AbstractPlainSocketImpl.doConnect(AbstractPlainSocketImpl.java:345)
	at java.net.AbstractPlainSocketImpl.connectToAddress(AbstractPlainSocketImpl.java:206)
	at java.net.AbstractPlainSocketImpl.connect(AbstractPlainSocketImpl.java:188)
	at java.net.PlainSocketImpl.connect(PlainSocketImpl.java:172)
	at java.net.SocksSocketImpl.connect(SocksSocketImpl.java:392)
	at java.net.Socket.connect(Socket.java:589)
	at org.apache.http.conn.socket.PlainConnectionSocketFactory.connectSocket(PlainConnectionSocketFactory.java:72)
	at org.apache.http.impl.conn.HttpClientConnectionOperator.connect(HttpClientConnectionOperator.java:125)
	... 43 more
]]>
            </full-stacktrace>
          </exception> <!-- org.openqa.selenium.remote.UnreachableBrowserException -->
          <reporter-output>
          </reporter-output>
        </test-method> <!-- tearDown -->
      </class> <!-- com.webtek.test.SanityTest1 -->
    </test> <!-- Default test -->
  </suite> <!-- Default suite -->
</testng-results>
